2019-07-26 10:29:02,296 - INFO - __main__ - Client was started 
2019-07-26 10:29:09,248 - INFO - __main__ - Client send data: test 
2019-07-26 10:29:09,248 - INFO - __main__ -  
2019-07-26 10:30:21,926 - INFO - __main__ - Client was started 
2019-07-26 10:30:31,625 - INFO - __main__ - Client send data: test 
2019-07-26 10:30:31,662 - INFO - __main__ - {"action": "echo", "time": 1564126231.625102, "data": "test", "code": 200} 
2019-07-26 10:48:36,688 - INFO - __main__ - Client was started 
2019-07-26 10:48:48,013 - INFO - __main__ - Client send data: test 
2019-07-26 10:48:48,054 - INFO - __main__ - {"action": "echo", "time": 1564127328.012998, "data": "Action with name echo not supported", "code": 404} 
2019-07-26 10:49:21,699 - INFO - __main__ - Client was started 
2019-07-26 10:49:27,392 - INFO - __main__ - Client send data: test 
2019-07-26 10:49:27,428 - INFO - __main__ - {"action": "echo", "time": 1564127367.392243, "data": "test", "code": 200} 
2019-07-26 10:57:29,299 - INFO - __main__ - Client was started 
2019-07-26 10:57:33,806 - INFO - __main__ - Client send data: tets 
2019-07-26 10:57:33,852 - INFO - __main__ - {"action": "echo", "time": 1564127853.806482, "data": "Action with name echo not supported", "code": 404} 
2019-07-26 10:57:50,713 - INFO - __main__ - Client was started 
2019-07-26 10:57:54,779 - INFO - __main__ - Client send data: test 
2019-07-26 10:57:54,811 - INFO - __main__ - {"action": "echo", "time": 1564127874.779971, "data": "Action with name echo not supported", "code": 404} 
2019-07-26 11:06:11,736 - INFO - __main__ - Client was started 
2019-07-26 11:06:16,644 - INFO - __main__ - Client send data: test 
2019-07-26 11:06:16,675 - INFO - __main__ - {"action": "echo", "time": 1564128376.644316, "data": "Action with name echo not supported", "code": 404} 
2019-07-26 11:06:49,881 - INFO - __main__ - Client was started 
2019-07-26 11:06:56,337 - INFO - __main__ - Client send data: a 
2019-07-26 11:06:56,338 - INFO - __main__ - {"action": "serverdate", "time": 1564128416.337404, "data": 1564128416.338402, "code": 200} 
2019-07-26 11:10:12,973 - INFO - __main__ - Client was started 
2019-07-26 11:10:16,657 - INFO - __main__ - Client send data: test 
2019-07-26 11:10:16,697 - INFO - __main__ - {"action": "echo", "time": 1564128616.65658, "data": "Action with name echo not supported", "code": 404} 
2019-07-26 12:01:04,749 - INFO - __main__ - Client was started 
2019-07-26 12:01:13,873 - INFO - __main__ - Client send data: test 
2019-07-26 12:01:13,914 - INFO - __main__ - {"action": "echo", "time": 1564131673.873328, "data": "test", "code": 200} 
2019-07-26 12:03:12,081 - INFO - __main__ - Client was started 
2019-07-26 12:03:17,027 - INFO - __main__ - Client send data: t 
2019-07-26 12:03:17,066 - INFO - __main__ - {"action": "echo", "time": 1564131797.027695, "data": "Internal server error", "code": 500} 
2019-07-26 12:06:16,621 - INFO - __main__ - Client was started 
2019-07-26 12:06:20,165 - INFO - __main__ - Client send data: e 
2019-07-26 12:06:20,209 - INFO - __main__ - {"action": "echo", "time": 1564131980.165258, "data": "e", "code": 200} 
2019-07-26 12:35:38,552 - INFO - __main__ - Client was started 
2019-07-26 12:35:43,153 - INFO - __main__ - Client send data: h 
2019-07-26 12:35:43,191 - INFO - __main__ - {"action": "echo", "time": 1564133743.153026, "data": "h", "code": 200} 
2019-07-26 12:39:15,234 - INFO - __main__ - Client was started 
2019-07-26 12:39:19,528 - INFO - __main__ - Client send data: h 
2019-07-26 12:39:19,569 - INFO - __main__ - {"action": "echo", "time": 1564133959.528937, "data": "h", "code": 200} 
2019-07-26 12:40:05,558 - INFO - __main__ - Client was started 
2019-07-26 12:40:08,612 - INFO - __main__ - Client send data: h 
2019-07-26 12:40:08,656 - INFO - __main__ - {"action": "echo", "time": 1564134008.61204, "data": "h", "code": 200} 
2019-07-26 12:51:08,448 - INFO - __main__ - Client was started 
2019-07-26 12:51:14,057 - INFO - __main__ - Client send data: e 
2019-07-26 12:51:14,098 - INFO - __main__ - {"action": "echo", "time": 1564134674.057075, "data": "Internal server error", "code": 500} 
2019-07-26 12:51:51,354 - INFO - __main__ - Client was started 
2019-07-26 12:51:55,852 - INFO - __main__ - Client send data: off 
2019-07-26 12:51:55,898 - INFO - __main__ - {"action": "echo", "time": 1564134715.851627, "data": "off", "code": 200} 
2019-07-26 12:54:45,906 - INFO - __main__ - Client was started 
2019-07-26 12:54:49,568 - INFO - __main__ - Client send data: og 
2019-07-26 12:54:49,605 - INFO - __main__ - {"action": "echo", "time": 1564134889.568416, "data": "Internal server error", "code": 500} 
2019-07-26 12:55:25,407 - INFO - __main__ - Client was started 
2019-07-26 12:55:28,300 - INFO - __main__ - Client send data: o 
2019-07-26 12:55:28,338 - INFO - __main__ - {"action": "echo", "time": 1564134928.30096, "data": "o", "code": 200} 
2019-07-26 12:58:12,860 - INFO - __main__ - Client was started 
2019-07-26 12:58:18,349 - INFO - __main__ - Client send data: a 
2019-07-26 12:58:18,407 - INFO - __main__ -  
2019-07-26 12:59:15,507 - INFO - __main__ - Client was started 
2019-07-26 12:59:19,355 - INFO - __main__ - Client send data: a 
2019-07-26 12:59:19,395 - INFO - __main__ - {"action": "serverdate", "time": 1564135159.355889, "data": 1564135159.395915, "code": 200} 
2019-07-26 13:00:58,116 - INFO - __main__ - Client was started 
2019-07-26 13:01:02,059 - INFO - __main__ - Client send data: a 
2019-07-26 13:01:02,102 - INFO - __main__ - {"action": "serverdate", "time": 1564135262.058299, "data": 1564135262.101328, "code": 200} 
2019-07-26 13:01:45,132 - INFO - __main__ - Client was started 
2019-07-26 13:01:49,448 - INFO - __main__ - Client send data: a 
2019-07-26 13:01:49,487 - INFO - __main__ - {"action": "serverdate", "time": 1564135309.448472, "data": 1564135309.486497, "code": 200} 
2019-07-26 13:02:35,752 - INFO - __main__ - Client was started 
2019-07-26 13:02:41,580 - INFO - __main__ - Client send data: a 
2019-07-26 13:02:41,620 - INFO - __main__ - {"action": "serverdate", "time": 1564135361.579225, "data": "Internal server error", "code": 500} 
2019-07-26 13:03:48,281 - INFO - __main__ - Client was started 
2019-07-26 13:03:52,611 - INFO - __main__ - Client send data: e 
2019-07-26 13:03:52,612 - INFO - __main__ - {"action": "serverdate", "time": 1564135432.611938, "data": "Internal server error", "code": 500} 
2019-07-26 13:05:30,542 - INFO - __main__ - Client was started 
2019-07-26 13:05:35,938 - INFO - __main__ - Client send data: a 
2019-07-26 13:05:35,971 - INFO - __main__ - {"action": "serverdate", "time": 1564135535.93858, "data": "Internal server error", "code": 500} 
2019-07-26 13:06:59,645 - INFO - __main__ - Client was started 
2019-07-26 13:07:03,314 - INFO - __main__ - Client send data: o 
2019-07-26 13:07:03,389 - INFO - __main__ - {"action": "echo", "time": 1564135623.314209, "data": "o", "code": 200} 
2019-07-26 13:07:31,677 - INFO - __main__ - Client was started 
2019-07-26 13:07:34,273 - INFO - __main__ - Client send data: h 
2019-07-26 13:07:34,346 - INFO - __main__ - {"action": "echo", "time": 1564135654.272114, "data": "h", "code": 200} 
2019-07-26 13:08:17,044 - INFO - __main__ - Client was started 
2019-07-26 13:08:20,135 - INFO - __main__ - Client send data: h 
2019-07-26 13:08:20,210 - INFO - __main__ - {"action": "echo", "time": 1564135700.134703, "data": "h", "code": 200} 
2019-07-26 13:09:08,513 - INFO - __main__ - Client was started 
2019-07-26 13:09:10,964 - INFO - __main__ - Client send data: f 
2019-07-26 13:09:11,011 - INFO - __main__ - {"action": "echo", "time": 1564135750.964058, "data": "f", "code": 200} 
2019-07-26 13:30:33,040 - INFO - __main__ - Client was started 
2019-07-26 13:30:37,765 - INFO - __main__ - Client send data: a 
2019-07-26 13:30:37,817 - INFO - __main__ - {"action": "serverdate", "time": 1564137037.764185, "data": "Access denied", "code": 403} 
2019-07-26 13:33:23,931 - INFO - __main__ - Client was started 
2019-07-26 13:33:30,762 - INFO - __main__ - Client send data: a 
2019-07-26 13:33:30,810 - INFO - __main__ - {"action": "serverdate", "time": 1564137210.76133, "data": "Access denied", "code": 403} 
2019-07-26 13:37:46,967 - INFO - __main__ - Client was started 
2019-07-26 13:37:51,150 - INFO - __main__ - Client send data: a 
2019-07-26 13:37:51,201 - INFO - __main__ - {"action": "echo", "time": 1564137471.138874, "data": "a", "code": 200} 
